<?xml version="1.0" encoding="UTF-8"?>
<!-- Generated by org.testng.reporters.JUnitReportReporter -->
<testsuite hostname="Pluto_6" failures="0" tests="1" name="TestCase1" time="3.003" errors="0" timestamp="8 Feb 2023 03:02:58 GMT">
  <testcase classname="TestCase1" name="firstTry" time="3.003"/>
</testsuite> <!-- TestCase1 -->
